
ROM used:   318/8192 (4%)
            318/8192 (4%) including unused fragments

            0.4 Average locations per line
            5.9 Average locations per statement

RAM used:   17/368 (5%) at main() level
            17/368 (5%) worst case

Stack used: 1 worst case (0 in main + 1 for interrupts)
Stack size: 8

Lines Stmts  %   Files
----- ----- ---  -----
   89    54 100  Cau3.c
  768     0   0  C:\Program Files (x86)\PICC\Devices\16f887.h
----- -----
  857    54 Total

Page ROM  %  RAM   Vol Diff  Functions:
---- --- --- ---   --- ----  ----------
0    203  64    0   386  3.3  main
0     66  21    0   738  3.4  interrupt_rcv_data
 Inline         0             @cinit1

Program metrics:
    Functions               2
    Statements              54
    Comments                144
    Volume (V)              1315
    Difficulty (D)          6.6
    Effort to implement (E) 8673
    Time to implement (T)   8 minutes
    Est Delivered Bugs (B)  0
    Cyclomatic Complexity   13
    Maintainability (MI)    110

 Segment     Used  Free
-----------  ----  ----
00000-00003     4  0  
00004-00030    45  0  
00031-007FF   269  1730  
00800-00FFF     0  2048  
01000-017FF     0  2048  
01800-01FFF     0  2048  



