
ROM used:   103/8192 (1%)
            103/8192 (1%) including unused fragments

            0.1 Average locations per line
            5.4 Average locations per statement

RAM used:   7/368 (2%) at main() level
            7/368 (2%) worst case

Stack used: 1 worst case (1 in main + 0 for interrupts)
Stack size: 8

Lines Stmts  %   Files
----- ----- ---  -----
   40    19 100  Cau2.c
  768     0   0  C:\Program Files (x86)\PICC\Devices\16f887.h
----- -----
  808    19 Total

Page ROM  %  RAM   Vol Diff  Functions:
---- --- --- ---   --- ----  ----------
0     22  21    1             @delay_ms1
0     77  75    1   407  4.2  main
 Inline         0             @cinit1

Program metrics:
    Functions               1
    Statements              19
    Comments                133
    Volume (V)              412
    Difficulty (D)          4.0
    Effort to implement (E) 1637
    Time to implement (T)   2 minutes
    Est Delivered Bugs (B)  0
    Cyclomatic Complexity   4
    Maintainability (MI)    49

 Segment     Used  Free
-----------  ----  ----
00000-00003     4  0  
00004-007FF    99  1945  
00800-00FFF     0  2048  
01000-017FF     0  2048  
01800-01FFF     0  2048  



