
ROM used:   135/8192 (2%)
            135/8192 (2%) including unused fragments

            0.2 Average locations per line
            4.8 Average locations per statement

RAM used:   7/368 (2%) at main() level
            8/368 (2%) worst case

Stack used: 2 worst case (2 in main + 0 for interrupts)
Stack size: 8

Lines Stmts  %   Files
----- ----- ---  -----
   56    28 100  Cau1.c
  768     0   0  C:\Program Files (x86)\PICC\Devices\16f887.h
----- -----
  824    28 Total

Page ROM  %  RAM   Vol Diff  Functions:
---- --- --- ---   --- ----  ----------
0     20  15    1             @delay_ms1
0     35  26    1   272  3.7  button
0     25  19    0   113  2.5  sel_mode
0     51  38    0   114  1.7  MAIN
 Inline         0             @cinit1

Program metrics:
    Functions               3
    Statements              28
    Comments                130
    Volume (V)              670
    Difficulty (D)          7.6
    Effort to implement (E) 5062
    Time to implement (T)   5 minutes
    Est Delivered Bugs (B)  0
    Cyclomatic Complexity   6
    Maintainability (MI)    71

 Segment     Used  Free
-----------  ----  ----
00000-00003     4  0  
00004-007FF   131  1913  
00800-00FFF     0  2048  
01000-017FF     0  2048  
01800-01FFF     0  2048  



