
ROM used:   676/8192 (8%)
            676/8192 (8%) including unused fragments

            0.8 Average locations per line
            16.5 Average locations per statement

RAM used:   9/368 (2%) at main() level
            22/368 (6%) worst case

Stack used: 3 worst case (3 in main + 0 for interrupts)
Stack size: 8

Lines Stmts  %   Files
----- ----- ---  -----
   52    24  59  Cau7.c
  768     0   0  C:\Program Files (x86)\PICC\Devices\16f887.h
   25    17  41  tv_lcd.c
----- -----
  845    41 Total

Page ROM  %  RAM   Vol Diff  Functions:
---- --- --- ---   --- ----  ----------
0     20   3    1             @delay_ms1
0     15   2    1             @delay_us1
0     25   4    1   119  1.3  lcd_command
0     25   4    1   119  1.3  lcd_data
0     18   3    0    86  1.3  lcd_setup
0    222  33    2   712  4.2  MAIN
0      8   1    0             @const630
0     86  13    4             @PSTRINGC7_622
0     29   4    2             @ITOF
0    117  17   13             @MULFF
0     31   5    4             @SFTOI
0     21   3    3             @DIV88
0     53   8    2             @PRINTF_U_622
0      1   0    0             @const646
0      1   0    0             @const648
 Inline         0             @cinit1

Program metrics:
    Functions               4
    Statements              41
    Comments                147
    Volume (V)              1376
    Difficulty (D)          7.3
    Effort to implement (E) 10013
    Time to implement (T)   9 minutes
    Est Delivered Bugs (B)  0
    Cyclomatic Complexity   1
    Maintainability (MI)    105

 Segment     Used  Free
-----------  ----  ----
00000-00003     4  0  
00004-007FF   672  1372  
00800-00FFF     0  2048  
01000-017FF     0  2048  
01800-01FFF     0  2048  



