
ROM used:   694/8192 (8%)
            694/8192 (8%) including unused fragments

            0.8 Average locations per line
            21.0 Average locations per statement

RAM used:   8/368 (2%) at main() level
            21/368 (6%) worst case

Stack used: 2 worst case (2 in main + 0 for interrupts)
Stack size: 8

Lines Stmts  %   Files
----- ----- ---  -----
   42    16  48  Cau3.c
  768     0   0  C:\Program Files (x86)\PICC\Devices\16f887.h
   25    17  52  tv_lcd.c
----- -----
  835    33 Total

Page ROM  %  RAM   Vol Diff  Functions:
---- --- --- ---   --- ----  ----------
0     20   3    1             @delay_ms1
0     28   4    1   119  1.3  lcd_command
0     28   4    1   119  1.3  lcd_data
0     18   3    0    86  1.3  lcd_setup
0    145  21    2   382  3.6  MAIN
0      8   1    0             @const629
0     86  12    4             @PSTRINGC7_622
0     31   4    2             @ITOF
0    119  17   13             @MULFF
0     33   5    4             @SFTOI
0      6   1    0             @const638
0     89  13    5             @PSTRINGCN7_622
0     21   3    3             @DIV88
0     55   8    2             @PRINTF_U_622
0      3   0    0             @const647
 Inline         0             @cinit1

Program metrics:
    Functions               4
    Statements              33
    Comments                142
    Volume (V)              1002
    Difficulty (D)          6.5
    Effort to implement (E) 6478
    Time to implement (T)   6 minutes
    Est Delivered Bugs (B)  0
    Cyclomatic Complexity   1
    Maintainability (MI)    118

 Segment     Used  Free
-----------  ----  ----
00000-00003     4  0  
00004-007FF   690  1354  
00800-00FFF     0  2048  
01000-017FF     0  2048  
01800-01FFF     0  2048  



