
ROM used:   414/8192 (5%)
            414/8192 (5%) including unused fragments

            0.5 Average locations per line
            20.7 Average locations per statement

RAM used:   18/368 (5%) at main() level
            31/368 (8%) worst case

Stack used: 2 worst case (1 in main + 1 for interrupts)
Stack size: 8

Lines Stmts  %   Files
----- ----- ---  -----
   44    20 100  PicA.c
  768     0   0  C:\Program Files (x86)\PICC\Devices\16f887.h
----- -----
  812    20 Total

Page ROM  %  RAM   Vol Diff  Functions:
---- --- --- ---   --- ----  ----------
0     22   5    1             @delay_ms1
0    149  36    2   436  4.6  main
0     31   7    2   121  1.7  @ITOF
0    119  29   13    35  1.6  @MULFF
0     33   8    4    35  1.6  @SFTOI
0     11   3    0    35  1.6  interrupt_rcv_data
 Inline         0             @cinit1

Program metrics:
    Functions               5
    Statements              20
    Comments                130
    Volume (V)              920
    Difficulty (D)          11.1
    Effort to implement (E) 10224
    Time to implement (T)   9 minutes
    Est Delivered Bugs (B)  0
    Cyclomatic Complexity   2
    Maintainability (MI)    171

 Segment     Used  Free
-----------  ----  ----
00000-00003     4  0  
00004-00030    45  0  
00031-007FF   365  1634  
00800-00FFF     0  2048  
01000-017FF     0  2048  
01800-01FFF     0  2048  



