
ROM used:   218/8192 (3%)
            218/8192 (3%) including unused fragments

            0.3 Average locations per line
            10.9 Average locations per statement

RAM used:   20/368 (5%) at main() level
            22/368 (6%) worst case

Stack used: 2 worst case (1 in main + 1 for interrupts)
Stack size: 8

Lines Stmts  %   Files
----- ----- ---  -----
   65    20 100  PicB.c
  768     0   0  C:\Program Files (x86)\PICC\Devices\16f887.h
----- -----
  833    20 Total

Page ROM  %  RAM   Vol Diff  Functions:
---- --- --- ---   --- ----  ----------
0     20   9    1             @delay_ms1
0    116  53    3   415  4.7  main
0     23  11    5   121  1.7  @MUL1616
0     10   5    0    35  1.6  interrupt_rcv_data
 Inline         0    35  1.6  @cinit1

Program metrics:
    Functions               4
    Statements              20
    Comments                149
    Volume (V)              805
    Difficulty (D)          9.7
    Effort to implement (E) 7806
    Time to implement (T)   7 minutes
    Est Delivered Bugs (B)  0
    Cyclomatic Complexity   2
    Maintainability (MI)    116

 Segment     Used  Free
-----------  ----  ----
00000-00003     4  0  
00004-00030    45  0  
00031-007FF   169  1830  
00800-00FFF     0  2048  
01000-017FF     0  2048  
01800-01FFF     0  2048  



