
ROM used:   1059/8192 (13%)
            1059/8192 (13%) including unused fragments

            1.2 Average locations per line
            19.3 Average locations per statement

RAM used:   27/368 (7%) at main() level
            47/368 (13%) worst case

Stack used: 3 worst case (2 in main + 1 for interrupts)
Stack size: 8

Lines Stmts  %   Files
----- ----- ---  -----
  104    55 100  PicA.c
  768     0   0  C:\Program Files (x86)\PICC\Devices\16f887.h
----- -----
  872    55 Total

Page ROM  %  RAM   Vol Diff  Functions:
---- --- --- ---   --- ----  ----------
0     20   2    1             @delay_ms1
0     14   1    0             @const623
0    657  62    4   470  5.6  do_nhiet_do
0     29   3    2    20  1.3  @ITOF
 Inline        13    20  1.3  @MULFF
 Inline        16    20  1.3  @ADDFF
 Inline         4    20  1.3  @SFTOI
0     37   3    5    20  1.3  @DIV1616
0    117  11    2   430  4.7  dem_san_pham
0     39   4    1   219  2.3  nut_nhan
0     81   8    0   298  2.3  MAIN
0     16   2    0    61  2.3  rcv_data_interrupt
 Inline         0             @cinit1

Program metrics:
    Functions               10
    Statements              55
    Comments                149
    Volume (V)              2436
    Difficulty (D)          25.4
    Effort to implement (E) 61995
    Time to implement (T)   57 minutes
    Est Delivered Bugs (B)  1
    Cyclomatic Complexity   8
    Maintainability (MI)    100

 Segment     Used  Free
-----------  ----  ----
00000-00003     4  0  
00004-00030    45  0  
00031-007FF  1010  989  
00800-00FFF     0  2048  
01000-017FF     0  2048  
01800-01FFF     0  2048  



