
ROM used:   112/8192 (1%)
            112/8192 (1%) including unused fragments

            0.1 Average locations per line
            6.2 Average locations per statement

RAM used:   6/368 (2%) at main() level
            7/368 (2%) worst case

Stack used: 1 worst case (1 in main + 0 for interrupts)
Stack size: 8

Lines Stmts  %   Files
----- ----- ---  -----
   37    18 100  Cau4.c
  768     0   0  C:\Program Files (x86)\PICC\Devices\16f887.h
----- -----
  805    18 Total

Page ROM  %  RAM   Vol Diff  Functions:
---- --- --- ---   --- ----  ----------
0     20  18    1             @delay_ms1
0     88  79    0   452  4.3  main
 Inline         0    61  1.5  @cinit1

Program metrics:
    Functions               2
    Statements              18
    Comments                133
    Volume (V)              581
    Difficulty (D)          5.8
    Effort to implement (E) 3384
    Time to implement (T)   3 minutes
    Est Delivered Bugs (B)  0
    Cyclomatic Complexity   1
    Maintainability (MI)    109

 Segment     Used  Free
-----------  ----  ----
00000-00003     4  0  
00004-007FF   108  1936  
00800-00FFF     0  2048  
01000-017FF     0  2048  
01800-01FFF     0  2048  



