
ROM used:   119/8192 (1%)
            119/8192 (1%) including unused fragments

            0.1 Average locations per line
            3.8 Average locations per statement

RAM used:   7/368 (2%) at main() level
            8/368 (2%) worst case

Stack used: 1 worst case (1 in main + 0 for interrupts)
Stack size: 8

Lines Stmts  %   Files
----- ----- ---  -----
   68    31 100  Cau 2.c
  768     0   0  C:\Program Files (x86)\PICC\Devices\16f887.h
----- -----
  836    31 Total

Page ROM  %  RAM   Vol Diff  Functions:
---- --- --- ---   --- ----  ----------
0     26  22    1   255  3.2  nut_nhan
0     89  75    0   370  3.3  MAIN
 Inline         0             @cinit1

Program metrics:
    Functions               2
    Statements              31
    Comments                151
    Volume (V)              748
    Difficulty (D)          6.4
    Effort to implement (E) 4767
    Time to implement (T)   4 minutes
    Est Delivered Bugs (B)  0
    Cyclomatic Complexity   5
    Maintainability (MI)    134

 Segment     Used  Free
-----------  ----  ----
00000-00003     4  0  
00004-007FF   115  1929  
00800-00FFF     0  2048  
01000-017FF     0  2048  
01800-01FFF     0  2048  



