
ROM used:   339/8192 (4%)
            339/8192 (4%) including unused fragments

            0.4 Average locations per line
            6.4 Average locations per statement

RAM used:   11/368 (3%) at main() level
            12/368 (3%) worst case

Stack used: 2 worst case (2 in main + 0 for interrupts)
Stack size: 8

Lines Stmts  %   Files
----- ----- ---  -----
   86    53 100  Cau9.c
  768     0   0  C:\Program Files (x86)\PICC\Devices\16f887.h
----- -----
  854    53 Total

Page ROM  %  RAM   Vol Diff  Functions:
---- --- --- ---   --- ----  ----------
0     20   6    1             @delay_ms1
0    228  67    1   285  4.1  ON_OFF_button
 Inline         1   207  4.4  SPEED_button
 Inline         0   402  3.3  select_mode
0     87  26    0   145  2.2  MAIN
 Inline         0             @cinit1

Program metrics:
    Functions               4
    Statements              53
    Comments                148
    Volume (V)              1449
    Difficulty (D)          13.8
    Effort to implement (E) 19985
    Time to implement (T)   19 minutes
    Est Delivered Bugs (B)  0
    Cyclomatic Complexity   11
    Maintainability (MI)    98

 Segment     Used  Free
-----------  ----  ----
00000-00003     4  0  
00004-007FF   335  1709  
00800-00FFF     0  2048  
01000-017FF     0  2048  
01800-01FFF     0  2048  



