
ROM used:   78/8192 (1%)
            78/8192 (1%) including unused fragments

            0.1 Average locations per line
            6.5 Average locations per statement

RAM used:   6/368 (2%) at main() level
            8/368 (2%) worst case

Stack used: 1 worst case (1 in main + 0 for interrupts)
Stack size: 8

Lines Stmts  %   Files
----- ----- ---  -----
   36    12 100  Cau5.c
  768     0   0  C:\Program Files (x86)\PICC\Devices\16f887.h
----- -----
  804    12 Total

Page ROM  %  RAM   Vol Diff  Functions:
---- --- --- ---   --- ----  ----------
0     26  33    2    45  1.7  delay_1ms
0     48  62    0   202  4.0  MAIN
 Inline         0             @cinit1

Program metrics:
    Functions               2
    Statements              12
    Comments                146
    Volume (V)              293
    Difficulty (D)          5.7
    Effort to implement (E) 1655
    Time to implement (T)   2 minutes
    Est Delivered Bugs (B)  0
    Cyclomatic Complexity   1
    Maintainability (MI)    147

 Segment     Used  Free
-----------  ----  ----
00000-00003     4  0  
00004-007FF    74  1970  
00800-00FFF     0  2048  
01000-017FF     0  2048  
01800-01FFF     0  2048  



