
ROM used:   259/8192 (3%)
            259/8192 (3%) including unused fragments

            0.3 Average locations per line
            11.3 Average locations per statement

RAM used:   10/368 (3%) at main() level
            13/368 (4%) worst case

Stack used: 1 worst case (1 in main + 0 for interrupts)
Stack size: 8

Lines Stmts  %   Files
----- ----- ---  -----
   47    23 100  Cau 4  hk2 23 24.c
  768     0   0  C:\Program Files (x86)\PICC\Devices\16f887.h
----- -----
  815    23 Total

Page ROM  %  RAM   Vol Diff  Functions:
---- --- --- ---   --- ----  ----------
0     20   8    1             @delay_ms1
0    214  83    2   566  6.2  main
0     21   8    5             @MUL1616
 Inline         0             @cinit1

Program metrics:
    Functions               1
    Statements              23
    Comments                146
    Volume (V)              573
    Difficulty (D)          5.8
    Effort to implement (E) 3328
    Time to implement (T)   3 minutes
    Est Delivered Bugs (B)  0
    Cyclomatic Complexity   3
    Maintainability (MI)    80

 Segment     Used  Free
-----------  ----  ----
00000-00003     4  0  
00004-007FF   255  1789  
00800-00FFF     0  2048  
01000-017FF     0  2048  
01800-01FFF     0  2048  



