
ROM used:   269/8192 (3%)
            269/8192 (3%) including unused fragments

            0.3 Average locations per line
            6.6 Average locations per statement

RAM used:   16/368 (4%) at main() level
            19/368 (5%) worst case

Stack used: 3 worst case (2 in main + 1 for interrupts)
Stack size: 8

Lines Stmts  %   Files
----- ----- ---  -----
   79    41 100  Cau2.c
  768     0   0  C:\Program Files (x86)\PICC\Devices\16f887.h
----- -----
  847    41 Total

Page ROM  %  RAM   Vol Diff  Functions:
---- --- --- ---   --- ----  ----------
0     20   7    1             @delay_ms1
0     14   5    0             @const623
0     87  32    1   644  5.7  dem_san_pham_va_gui_ky_tu
0     21   8    3             @DIV88
0     58  22    0   143  1.8  MAIN
0     20   7    0   110  3.6  interrupt_rcv_data
 Inline         0    72  3.0  @cinit1

Program metrics:
    Functions               4
    Statements              41
    Comments                131
    Volume (V)              1282
    Difficulty (D)          14.3
    Effort to implement (E) 18356
    Time to implement (T)   17 minutes
    Est Delivered Bugs (B)  0
    Cyclomatic Complexity   9
    Maintainability (MI)    129

 Segment     Used  Free
-----------  ----  ----
00000-00003     4  0  
00004-00030    45  0  
00031-007FF   220  1779  
00800-00FFF     0  2048  
01000-017FF     0  2048  
01800-01FFF     0  2048  



