
ROM used:   360/8192 (4%)
            360/8192 (4%) including unused fragments

            0.5 Average locations per line
            32.7 Average locations per statement

RAM used:   9/368 (2%) at main() level
            22/368 (6%) worst case

Stack used: 1 worst case (1 in main + 0 for interrupts)
Stack size: 8

Lines Stmts  %   Files
----- ----- ---  -----
   30    11 100  Cau2.c
  768     0   0  C:\Program Files (x86)\PICC\Devices\16f887.h
----- -----
  798    11 Total

Page ROM  %  RAM   Vol Diff  Functions:
---- --- --- ---   --- ----  ----------
0     14   4    0             @const620
0    138  38    2   314  4.5  main
0     31   9    2             @ITOF
0    119  33   13             @MULFF
0     33   9    4             @SFTOI
0     21   6    3             @DIV88
 Inline         0             @cinit1

Program metrics:
    Functions               1
    Statements              11
    Comments                141
    Volume (V)              326
    Difficulty (D)          3.8
    Effort to implement (E) 1222
    Time to implement (T)   1 minutes
    Est Delivered Bugs (B)  0
    Cyclomatic Complexity   1
    Maintainability (MI)    80

 Segment     Used  Free
-----------  ----  ----
00000-00003     4  0  
00004-007FF   356  1688  
00800-00FFF     0  2048  
01000-017FF     0  2048  
01800-01FFF     0  2048  



