
ROM used:   116/8192 (1%)
            116/8192 (1%) including unused fragments

            0.1 Average locations per line
            7.3 Average locations per statement

RAM used:   6/368 (2%) at main() level
            7/368 (2%) worst case

Stack used: 1 worst case (1 in main + 0 for interrupts)
Stack size: 8

Lines Stmts  %   Files
----- ----- ---  -----
   32    16 100  Cau2.c
  768     0   0  C:\Program Files (x86)\PICC\Devices\16f887.h
----- -----
  800    16 Total

Page ROM  %  RAM   Vol Diff  Functions:
---- --- --- ---   --- ----  ----------
0     20  17    1             @delay_ms1
0     92  79    0   359  2.4  main
 Inline         0             @cinit1

Program metrics:
    Functions               1
    Statements              16
    Comments                130
    Volume (V)              364
    Difficulty (D)          2.2
    Effort to implement (E) 810
    Time to implement (T)   1 minutes
    Est Delivered Bugs (B)  0
    Cyclomatic Complexity   1
    Maintainability (MI)    49

 Segment     Used  Free
-----------  ----  ----
00000-00003     4  0  
00004-007FF   112  1932  
00800-00FFF     0  2048  
01000-017FF     0  2048  
01800-01FFF     0  2048  



