
ROM used:   299/8192 (4%)
            299/8192 (4%) including unused fragments

            0.4 Average locations per line
            6.1 Average locations per statement

RAM used:   10/368 (3%) at main() level
            11/368 (3%) worst case

Stack used: 2 worst case (2 in main + 0 for interrupts)
Stack size: 8

Lines Stmts  %   Files
----- ----- ---  -----
   84    49 100  Cau5.c
  768     0   0  C:\Program Files (x86)\PICC\Devices\16f887.h
----- -----
  852    49 Total

Page ROM  %  RAM   Vol Diff  Functions:
---- --- --- ---   --- ----  ----------
0     21   7    1             @delay_ms1
0     61  20    1   437  5.2  button
0    113  38    0   567  3.3  sel_mod
0    100  33    0   183  2.2  MAIN
 Inline         0             @cinit1

Program metrics:
    Functions               3
    Statements              49
    Comments                166
    Volume (V)              1524
    Difficulty (D)          10.5
    Effort to implement (E) 16063
    Time to implement (T)   15 minutes
    Est Delivered Bugs (B)  0
    Cyclomatic Complexity   16
    Maintainability (MI)    49

 Segment     Used  Free
-----------  ----  ----
00000-00003     4  0  
00004-007FF   295  1749  
00800-00FFF     0  2048  
01000-017FF     0  2048  
01800-01FFF     0  2048  



