
ROM used:   413/8192 (5%)
            413/8192 (5%) including unused fragments

            0.5 Average locations per line
            11.8 Average locations per statement

RAM used:   9/368 (2%) at main() level
            20/368 (5%) worst case

Stack used: 3 worst case (3 in main + 0 for interrupts)
Stack size: 8

Lines Stmts  %   Files
----- ----- ---  -----
   34    18  51  Cau 3.c
  768     0   0  C:\Program Files (x86)\PICC\Devices\16f887.h
   25    17  49  tv_lcd.c
----- -----
  827    35 Total

Page ROM  %  RAM   Vol Diff  Functions:
---- --- --- ---   --- ----  ----------
0     21   5    1             @delay_ms1
0     15   4    1             @delay_us1
0     25   6    1   119  1.3  lcd_command
0     25   6    1   119  1.3  lcd_data
0     18   4    0    86  1.3  lcd_setup
0    106  26    0   428  4.6  MAIN
0      8   2    0             @const630
0     87  21    5             @PSTRINGCN7_622
0     99  24    9             @PRINTF_LU_622
0      5   1    0             @const635
 Inline         0             @cinit1

Program metrics:
    Functions               4
    Statements              35
    Comments                130
    Volume (V)              1045
    Difficulty (D)          7.8
    Effort to implement (E) 8122
    Time to implement (T)   8 minutes
    Est Delivered Bugs (B)  0
    Cyclomatic Complexity   1
    Maintainability (MI)    135

 Segment     Used  Free
-----------  ----  ----
00000-00003     4  0  
00004-007FF   409  1635  
00800-00FFF     0  2048  
01000-017FF     0  2048  
01800-01FFF     0  2048  



